Processing p485 (platform: espressif32; board: esp32dev; framework: arduino)
--------------------------------------------------------------------------------
Library Manager: Installing me-no-dev/ESPAsyncWebServer @ ^1.2.4
Unpacking 0% 10% 20% 30% 40% 50% 60% 70% 80% 90% 100%
Library Manager: ESP Async WebServer@1.2.4 has been installed!
Library Manager: Resolving dependencies...
Verbose mode can be enabled via `-v, --verbose` option
CONFIGURATION: https://docs.platformio.org/page/boards/espressif32/esp32dev.html
PLATFORM: Espressif 32 (6.13.0) > Espressif ESP32 Dev Module
HARDWARE: ESP32 240MHz, 320KB RAM, 4MB Flash
DEBUG: Current (cmsis-dap) External (cmsis-dap, esp-bridge, esp-prog, iot-bus-jtag, jlink, minimodule, olimex-arm-usb-ocd, olimex-arm-usb-ocd-h, olimex-arm-usb-tiny-h, olimex-jtag-tiny, tumpa)
PACKAGES: 
 - framework-arduinoespressif32 @ 3.20017.241212+sha.dcc1105b 
 - tool-esptoolpy @ 2.41100.0 (4.11.0) 
 - tool-openocd-esp32 @ 2.1100.20220706 (11.0) 
 - toolchain-xtensa-esp32 @ 8.4.0+2021r2-patch5
LDF: Library Dependency Finder -> https://bit.ly/configure-pio-ldf
LDF Modes: Finder ~ chain, Compatibility ~ soft
Library Manager: Installing me-no-dev/ESPAsyncWebServer @ ^1.2.4
Unpacking 0% 10% 20% 30% 40% 50% 60% 70% 80% 90% 100%
[WinError 32] A folyamat nem fÚr hozzß a fßjlhoz, mert azt egy mßsik folyamat hasznßlja: 'D:\\17_ESP32\\p485_modified_firmware\\.pio\\libdeps\\p485\\ESP Async WebServer' 
Please manually remove the file `D:\17_ESP32\p485_modified_firmware\.pio\libdeps\p485\ESP Async WebServer`
Library Manager: Warning! Package Mirror: [WinError 183] Nem lehet fßjlt lÚtrehozni, ha az adott fßjl mßr lÚtezik: 'D:\\17_ESP32\\p485_modified_firmware\\.pio\\libdeps\\p485\\ESP Async WebServer'
Library Manager: Looking for another mirror...
Unpacking 0% 10% 20% 30% 40% 50% 60% 70% 80% 90% 100%
Library Manager: ESP Async WebServer@1.2.4 has been installed!
Library Manager: Resolving dependencies...
Library Manager: Installing Hash
Found 39 compatible libraries
Scanning dependencies...
Dependency Graph
|-- AsyncTCP @ 1.1.1
|-- AsyncMqttClient-esphome @ 2.1.0
|-- ArduinoJson @ 7.4.3
|-- WiFiManager @ 2.0.17
|-- LittleFS @ 2.0.0
|-- ArduinoOTA @ 2.0.0
|-- ESP Async WebServer @ 1.2.4
|-- ESPmDNS @ 2.0.0
|-- Update @ 2.0.0
|-- WiFi @ 2.0.0
|-- HTTPClient @ 2.0.0
|-- HTTPUpdate @ 2.0.0
|-- Preferences @ 2.0.0
Building in release mode
Compiling .pio\build\p485\src\logger.cpp.o
Compiling .pio\build\p485\src\main.cpp.o
Compiling .pio\build\p485\src\modbus_deye.cpp.o
Compiling .pio\build\p485\src\mqtt_dual.cpp.o
Compiling .pio\build\p485\src\ota.cpp.o
Compiling .pio\build\p485\src\ota_guard.cpp.o
Building .pio\build\p485\bootloader.bin
Generating partitions .pio\build\p485\partitions.bin
esptool.py v4.11.0
Creating esp32 image...
Merged 1 ELF section
Successfully created esp32 image.
Compiling .pio\build\p485\lib310\AsyncTCP\AsyncTCP.cpp.o
Compiling .pio\build\p485\lib99d\AsyncTCP-esphome\AsyncTCP.cpp.o
Compiling .pio\build\p485\libc95\AsyncMqttClient-esphome\AsyncMqttClient.cpp.o
Compiling .pio\build\p485\libc95\AsyncMqttClient-esphome\AsyncMqttClient\Packets\ConnAckPacket.cpp.o
Compiling .pio\build\p485\libc95\AsyncMqttClient-esphome\AsyncMqttClient\Packets\PingRespPacket.cpp.o
Compiling .pio\build\p485\libc95\AsyncMqttClient-esphome\AsyncMqttClient\Packets\PubAckPacket.cpp.o
Compiling .pio\build\p485\libc95\AsyncMqttClient-esphome\AsyncMqttClient\Packets\PubCompPacket.cpp.o
Compiling .pio\build\p485\libc95\AsyncMqttClient-esphome\AsyncMqttClient\Packets\PubRecPacket.cpp.o
Compiling .pio\build\p485\libc95\AsyncMqttClient-esphome\AsyncMqttClient\Packets\PubRelPacket.cpp.o
Compiling .pio\build\p485\libc95\AsyncMqttClient-esphome\AsyncMqttClient\Packets\PublishPacket.cpp.o
Compiling .pio\build\p485\libc95\AsyncMqttClient-esphome\AsyncMqttClient\Packets\SubAckPacket.cpp.o
Compiling .pio\build\p485\libc95\AsyncMqttClient-esphome\AsyncMqttClient\Packets\UnsubAckPacket.cpp.o
Archiving .pio\build\p485\lib310\libAsyncTCP.a
Compiling .pio\build\p485\lib9ad\WiFi\WiFi.cpp.o
Compiling .pio\build\p485\lib9ad\WiFi\WiFiAP.cpp.o
Archiving .pio\build\p485\lib99d\libAsyncTCP-esphome.a
Compiling .pio\build\p485\lib9ad\WiFi\WiFiClient.cpp.o
Compiling .pio\build\p485\lib9ad\WiFi\WiFiGeneric.cpp.o
Compiling .pio\build\p485\lib9ad\WiFi\WiFiMulti.cpp.o
Compiling .pio\build\p485\lib9ad\WiFi\WiFiSTA.cpp.o
Compiling .pio\build\p485\lib9ad\WiFi\WiFiScan.cpp.o
Compiling .pio\build\p485\lib9ad\WiFi\WiFiServer.cpp.o
Compiling .pio\build\p485\lib9ad\WiFi\WiFiUdp.cpp.o
Compiling .pio\build\p485\libdd7\DNSServer\DNSServer.cpp.o
Compiling .pio\build\p485\lib761\ESPmDNS\ESPmDNS.cpp.o
Archiving .pio\build\p485\libc95\libAsyncMqttClient-esphome.a
Compiling .pio\build\p485\lib0c8\Update\HttpsOTAUpdate.cpp.o
Compiling .pio\build\p485\lib0c8\Update\Updater.cpp.o
Compiling .pio\build\p485\liba4a\FS\FS.cpp.o
Compiling .pio\build\p485\liba4a\FS\vfs_api.cpp.o
Compiling .pio\build\p485\lib51a\WebServer\Parsing.cpp.o
Compiling .pio\build\p485\lib51a\WebServer\WebServer.cpp.o
Compiling .pio\build\p485\lib51a\WebServer\detail\mimetable.cpp.o
Compiling .pio\build\p485\lib0d1\WiFiManager\WiFiManager.cpp.o
Compiling .pio\build\p485\lib2e2\LittleFS\LittleFS.cpp.o
Compiling .pio\build\p485\lib0b5\ArduinoOTA\ArduinoOTA.cpp.o
Compiling .pio\build\p485\lib15c\ESP Async WebServer\AsyncEventSource.cpp.o
Archiving .pio\build\p485\lib9ad\libWiFi.a
Archiving .pio\build\p485\libdd7\libDNSServer.a
Compiling .pio\build\p485\lib15c\ESP Async WebServer\AsyncWebSocket.cpp.o
Compiling .pio\build\p485\lib15c\ESP Async WebServer\SPIFFSEditor.cpp.o
Compiling .pio\build\p485\lib15c\ESP Async WebServer\WebAuthentication.cpp.o
Compiling .pio\build\p485\lib15c\ESP Async WebServer\WebHandlers.cpp.o
Archiving .pio\build\p485\lib761\libESPmDNS.a
Archiving .pio\build\p485\lib0c8\libUpdate.a
Compiling .pio\build\p485\lib15c\ESP Async WebServer\WebRequest.cpp.o
Compiling .pio\build\p485\lib15c\ESP Async WebServer\WebResponses.cpp.o
Compiling .pio\build\p485\lib15c\ESP Async WebServer\WebServer.cpp.o
Archiving .pio\build\p485\liba4a\libFS.a
Compiling .pio\build\p485\lib0a0\WiFiClientSecure\WiFiClientSecure.cpp.o
Compiling .pio\build\p485\lib0a0\WiFiClientSecure\esp_crt_bundle.c.o
Archiving .pio\build\p485\lib2e2\libLittleFS.a
Archiving .pio\build\p485\lib51a\libWebServer.a
Compiling .pio\build\p485\lib0a0\WiFiClientSecure\ssl_client.cpp.o
Compiling .pio\build\p485\libe20\HTTPClient\HTTPClient.cpp.o
Archiving .pio\build\p485\lib0b5\libArduinoOTA.a
Compiling .pio\build\p485\lib6a7\HTTPUpdate\HTTPUpdate.cpp.o
Compiling .pio\build\p485\lib9c0\Preferences\Preferences.cpp.o
Compiling .pio\build\p485\FrameworkArduino\Esp.cpp.o
Compiling .pio\build\p485\FrameworkArduino\FirmwareMSC.cpp.o
Compiling .pio\build\p485\FrameworkArduino\FunctionalInterrupt.cpp.o
Compiling .pio\build\p485\FrameworkArduino\HWCDC.cpp.o
Compiling .pio\build\p485\FrameworkArduino\HardwareSerial.cpp.o
Compiling .pio\build\p485\FrameworkArduino\IPAddress.cpp.o
Compiling .pio\build\p485\FrameworkArduino\IPv6Address.cpp.o
Compiling .pio\build\p485\FrameworkArduino\MD5Builder.cpp.o
Compiling .pio\build\p485\FrameworkArduino\Print.cpp.o
Archiving .pio\build\p485\lib15c\libESP Async WebServer.a
Compiling .pio\build\p485\FrameworkArduino\Stream.cpp.o
Compiling .pio\build\p485\FrameworkArduino\StreamString.cpp.o
Archiving .pio\build\p485\lib0d1\libWiFiManager.a
Compiling .pio\build\p485\FrameworkArduino\Tone.cpp.o
Archiving .pio\build\p485\lib0a0\libWiFiClientSecure.a
Archiving .pio\build\p485\lib9c0\libPreferences.a
Compiling .pio\build\p485\FrameworkArduino\USB.cpp.o
Compiling .pio\build\p485\FrameworkArduino\USBCDC.cpp.o
Compiling .pio\build\p485\FrameworkArduino\USBMSC.cpp.o
Compiling .pio\build\p485\FrameworkArduino\WMath.cpp.o
Compiling .pio\build\p485\FrameworkArduino\WString.cpp.o
Compiling .pio\build\p485\FrameworkArduino\base64.cpp.o
Archiving .pio\build\p485\lib6a7\libHTTPUpdate.a
Compiling .pio\build\p485\FrameworkArduino\cbuf.cpp.o
Archiving .pio\build\p485\libe20\libHTTPClient.a
Compiling .pio\build\p485\FrameworkArduino\esp32-hal-adc.c.o
Compiling .pio\build\p485\FrameworkArduino\esp32-hal-bt.c.o
Compiling .pio\build\p485\FrameworkArduino\esp32-hal-cpu.c.o
Compiling .pio\build\p485\FrameworkArduino\esp32-hal-dac.c.o
Compiling .pio\build\p485\FrameworkArduino\esp32-hal-gpio.c.o
Compiling .pio\build\p485\FrameworkArduino\esp32-hal-i2c-slave.c.o
Compiling .pio\build\p485\FrameworkArduino\esp32-hal-i2c.c.o
Compiling .pio\build\p485\FrameworkArduino\esp32-hal-ledc.c.o
Compiling .pio\build\p485\FrameworkArduino\esp32-hal-matrix.c.o
Compiling .pio\build\p485\FrameworkArduino\esp32-hal-misc.c.o
Compiling .pio\build\p485\FrameworkArduino\esp32-hal-psram.c.o
Compiling .pio\build\p485\FrameworkArduino\esp32-hal-rgb-led.c.o
Compiling .pio\build\p485\FrameworkArduino\esp32-hal-rmt.c.o
Compiling .pio\build\p485\FrameworkArduino\esp32-hal-sigmadelta.c.o
Compiling .pio\build\p485\FrameworkArduino\esp32-hal-spi.c.o
Compiling .pio\build\p485\FrameworkArduino\esp32-hal-time.c.o
Compiling .pio\build\p485\FrameworkArduino\esp32-hal-timer.c.o
Compiling .pio\build\p485\FrameworkArduino\esp32-hal-tinyusb.c.o
Compiling .pio\build\p485\FrameworkArduino\esp32-hal-touch.c.o
Compiling .pio\build\p485\FrameworkArduino\esp32-hal-uart.c.o
Compiling .pio\build\p485\FrameworkArduino\firmware_msc_fat.c.o
Compiling .pio\build\p485\FrameworkArduino\libb64\cdecode.c.o
Compiling .pio\build\p485\FrameworkArduino\libb64\cencode.c.o
Compiling .pio\build\p485\FrameworkArduino\main.cpp.o
Compiling .pio\build\p485\FrameworkArduino\stdlib_noniso.c.o
Compiling .pio\build\p485\FrameworkArduino\wiring_pulse.c.o
Compiling .pio\build\p485\FrameworkArduino\wiring_shift.c.o
Archiving .pio\build\p485\libFrameworkArduino.a
Linking .pio\build\p485\firmware.elf
Retrieving maximum program size .pio\build\p485\firmware.elf
Checking size .pio\build\p485\firmware.elf
Advanced Memory Usage is available via "PlatformIO Home > Project Inspect"
RAM:   [==        ]  16.3% (used 53544 bytes from 327680 bytes)
Flash: [=======   ]  74.3% (used 1216757 bytes from 1638400 bytes)
Building .pio\build\p485\firmware.bin
esptool.py v4.11.0
Creating esp32 image...
Merged 27 ELF sections
Successfully created esp32 image.
========================= [SUCCESS] Took 25.29 seconds =========================
