Processing p485 (platform: espressif32; board: esp32dev; framework: arduino)
--------------------------------------------------------------------------------
Library Manager: Installing me-no-dev/ESPAsyncWebServer @ ^1.2.4
Unpacking 0% 10% 20% 30% 40% 50% 60% 70% 80% 90% 100%
Library Manager: ESP Async WebServer@1.2.4 has been installed!
Library Manager: Resolving dependencies...
Verbose mode can be enabled via `-v, --verbose` option
CONFIGURATION: https://docs.platformio.org/page/boards/espressif32/esp32dev.html
PLATFORM: Espressif 32 (6.13.0) > Espressif ESP32 Dev Module
HARDWARE: ESP32 240MHz, 320KB RAM, 4MB Flash
DEBUG: Current (cmsis-dap) External (cmsis-dap, esp-bridge, esp-prog, iot-bus-jtag, jlink, minimodule, olimex-arm-usb-ocd, olimex-arm-usb-ocd-h, olimex-arm-usb-tiny-h, olimex-jtag-tiny, tumpa)
PACKAGES: 
 - framework-arduinoespressif32 @ 3.20017.241212+sha.dcc1105b 
 - tool-esptoolpy @ 2.41100.0 (4.11.0) 
 - tool-mkfatfs @ 2.0.1 
 - tool-mklittlefs @ 1.203.210628 (2.3) 
 - tool-mkspiffs @ 2.230.0 (2.30) 
 - tool-openocd-esp32 @ 2.1100.20220706 (11.0) 
 - toolchain-xtensa-esp32 @ 8.4.0+2021r2-patch5
LDF: Library Dependency Finder -> https://bit.ly/configure-pio-ldf
LDF Modes: Finder ~ chain, Compatibility ~ soft
Library Manager: Installing me-no-dev/ESPAsyncWebServer @ ^1.2.4
Unpacking 0% 10% 20% 30% 40% 50% 60% 70% 80% 90% 100%
Library Manager: ESP Async WebServer@1.2.4 has been installed!
Library Manager: Resolving dependencies...
Library Manager: Installing Hash
Found 39 compatible libraries
Scanning dependencies...
Dependency Graph
|-- AsyncTCP @ 1.1.1
|-- AsyncMqttClient-esphome @ 2.1.0
|-- ArduinoJson @ 7.4.3
|-- WiFiManager @ 2.0.17
|-- LittleFS @ 2.0.0
|-- ArduinoOTA @ 2.0.0
|-- ESP Async WebServer @ 1.2.4
|-- ESPmDNS @ 2.0.0
|-- Update @ 2.0.0
|-- WiFi @ 2.0.0
|-- HTTPClient @ 2.0.0
|-- HTTPUpdate @ 2.0.0
|-- Preferences @ 2.0.0
Building in release mode
Retrieving maximum program size .pio\build\p485\firmware.elf
Checking size .pio\build\p485\firmware.elf
Advanced Memory Usage is available via "PlatformIO Home > Project Inspect"
RAM:   [==        ]  16.3% (used 53544 bytes from 327680 bytes)
Flash: [=======   ]  74.3% (used 1216757 bytes from 1638400 bytes)
Configuring upload protocol...
AVAILABLE: cmsis-dap, esp-bridge, esp-prog, espota, esptool, iot-bus-jtag, jlink, minimodule, olimex-arm-usb-ocd, olimex-arm-usb-ocd-h, olimex-arm-usb-tiny-h, olimex-jtag-tiny, tumpa
CURRENT: upload_protocol = espota
Uploading .pio\build\p485\firmware.bin
18:56:31 [DEBUG]: Options: {'esp_ip': '192.168.8.32', 'host_ip': '0.0.0.0', 'esp_port': 3232, 'host_port': 18991, 'auth': 'green2026', 'image': '.pio\\build\\p485\\firmware.bin', 'spiffs': False, 'debug': True, 'progress': True, 'timeout': 10}
18:56:31 [INFO]: Starting on 0.0.0.0:18991
18:56:31 [INFO]: Upload size: 1223328
Sending invitation to 192.168.8.32 
Authenticating...OK
18:56:31 [INFO]: Waiting for device...

Uploading: [                                                            ] 0% 
Uploading: [                                                            ] 0% 
Uploading: [                                                            ] 0% 
Uploading: [                                                            ] 0% 
Uploading: [                                                            ] 0% 
Uploading: [                                                            ] 0% 
Uploading: [                                                            ] 0% 
Uploading: [                                                            ] 0% 
Uploading: [                                                            ] 0% 
Uploading: [                                                            ] 0% 
Uploading: [=                                                           ] 0% 
Uploading: [=                                                           ] 0% 
Uploading: [=                                                           ] 1% 
Uploading: [=                                                           ] 1% 
Uploading: [=                                                           ] 1% 
Uploading: [=                                                           ] 1% 
Uploading: [=                                                           ] 1% 
Uploading: [=                                                           ] 1% 
Uploading: [=                                                           ] 1% 
Uploading: [=                                                           ] 1% 
Uploading: [=                                                           ] 1% 
Uploading: [=                                                           ] 1% 
Uploading: [=                                                           ] 1% 
Uploading: [=                                                           ] 1% 
Uploading: [=                                                           ] 2% 
Uploading: [=                                                           ] 2% 
Uploading: [=                                                           ] 2% 
Uploading: [=                                                           ] 2% 
Uploading: [=                                                           ] 2% 
Uploading: [=                                                           ] 2% 
Uploading: [==                                                          ] 2% 
Uploading: [==                                                          ] 2% 
Uploading: [==                                                          ] 2% 
Uploading: [==                                                          ] 2% 
Uploading: [==                                                          ] 2% 
Uploading: [==                                                          ] 2% 
Uploading: [==                                                          ] 3% 
Uploading: [==                                                          ] 3% 
Uploading: [==                                                          ] 3% 
Uploading: [==                                                          ] 3% 
Uploading: [==                                                          ] 3% 
Uploading: [==                                                          ] 3% 
Uploading: [==                                                          ] 3% 
Uploading: [==                                                          ] 3% 
Uploading: [==                                                          ] 3% 
Uploading: [==                                                          ] 3% 
Uploading: [==                                                          ] 3% 
Uploading: [==                                                          ] 3% 
Uploading: [==                                                          ] 4% 
Uploading: [==                                                          ] 4% 
Uploading: [===                                                         ] 4% 
Uploading: [===                                                         ] 4% 
Uploading: [===                                                         ] 4% 
Uploading: [===                                                         ] 4% 
Uploading: [===                                                         ] 4% 
Uploading: [===                                                         ] 4% 
Uploading: [===                                                         ] 4% 
Uploading: [===                                                         ] 4% 
Uploading: [===                                                         ] 4% 
Uploading: [===                                                         ] 4% 
Uploading: [===                                                         ] 5% 
Uploading: [===                                                         ] 5% 
Uploading: [===                                                         ] 5% 
Uploading: [===                                                         ] 5% 
Uploading: [===                                                         ] 5% 
Uploading: [===                                                         ] 5% 
Uploading: [===                                                         ] 5% 
Uploading: [===                                                         ] 5% 
Uploading: [===                                                         ] 5% 
Uploading: [===                                                         ] 5% 
Uploading: [====                                                        ] 5% 
Uploading: [====                                                        ] 5% 
Uploading: [====                                                        ] 6% 
Uploading: [====                                                        ] 6% 
Uploading: [====                                                        ] 6% 
Uploading: [====                                                        ] 6% 
Uploading: [====                                                        ] 6% 
Uploading: [====                                                        ] 6% 
Uploading: [====                                                        ] 6% 
Uploading: [====                                                        ] 6% 
Uploading: [====                                                        ] 6% 
Uploading: [====                                                        ] 6% 
Uploading: [====                                                        ] 6% 
Uploading: [====                                                        ] 6% 
Uploading: [====                                                        ] 7% 
Uploading: [====                                                        ] 7% 
Uploading: [====                                                        ] 7% 
Uploading: [====                                                        ] 7% 
Uploading: [====                                                        ] 7% 
Uploading: [====                                                        ] 7% 
Uploading: [=====                                                       ] 7% 
Uploading: [=====                                                       ] 7% 
Uploading: [=====                                                       ] 7% 
Uploading: [=====                                                       ] 7% 
Uploading: [=====                                                       ] 7% 
Uploading: [=====                                                       ] 7% 
Uploading: [=====                                                       ] 8% 
Uploading: [=====                                                       ] 8% 
Uploading: [=====                                                       ] 8% 
Uploading: [=====                                                       ] 8% 
Uploading: [=====                                                       ] 8% 
Uploading: [=====                                                       ] 8% 
Uploading: [=====                                                       ] 8% 
Uploading: [=====                                                       ] 8% 
Uploading: [=====                                                       ] 8% 
Uploading: [=====                                                       ] 8% 
Uploading: [=====                                                       ] 8% 
Uploading: [=====                                                       ] 8% 
Uploading: [=====                                                       ] 9% 
Uploading: [=====                                                       ] 9% 
Uploading: [======                                                      ] 9% 
Uploading: [======                                                      ] 9% 
Uploading: [======                                                      ] 9% 
Uploading: [======                                                      ] 9% 
Uploading: [======                                                      ] 9% 
Uploading: [======                                                      ] 9% 
Uploading: [======                                                      ] 9% 
Uploading: [======                                                      ] 9% 
Uploading: [======                                                      ] 9% 
Uploading: [======                                                      ] 9% 
Uploading: [======                                                      ] 10% 
Uploading: [======                                                      ] 10% 
Uploading: [======                                                      ] 10% 
Uploading: [======                                                      ] 10% 
Uploading: [======                                                      ] 10% 
Uploading: [======                                                      ] 10% 
Uploading: [======                                                      ] 10% 
Uploading: [======                                                      ] 10% 
Uploading: [======                                                      ] 10% 
Uploading: [======                                                      ] 10% 
Uploading: [=======                                                     ] 10% 
Uploading: [=======                                                     ] 10% 
Uploading: [=======                                                     ] 11% 
Uploading: [=======                                                     ] 11% 
Uploading: [=======                                                     ] 11% 
Uploading: [=======                                                     ] 11% 
Uploading: [=======                                                     ] 11% 
Uploading: [=======                                                     ] 11% 
Uploading: [=======                                                     ] 11% 
Uploading: [=======                                                     ] 11% 
Uploading: [=======                                                     ] 11% 
Uploading: [=======                                                     ] 11% 
Uploading: [=======                                                     ] 11% 
Uploading: [=======                                                     ] 11% 
Uploading: [=======                                                     ] 12% 
Uploading: [=======                                                     ] 12% 
Uploading: [=======                                                     ] 12% 
Uploading: [=======                                                     ] 12% 
Uploading: [=======                                                     ] 12% 
Uploading: [=======                                                     ] 12% 
Uploading: [========                                                    ] 12% 
Uploading: [========                                                    ] 12% 
Uploading: [========                                                    ] 12% 
Uploading: [========                                                    ] 12% 
Uploading: [========                                                    ] 12% 
Uploading: [========                                                    ] 12% 
Uploading: [========                                                    ] 13% 
Uploading: [========                                                    ] 13% 
Uploading: [========                                                    ] 13% 
Uploading: [========                                                    ] 13% 
Uploading: [========                                                    ] 13% 
Uploading: [========                                                    ] 13% 
Uploading: [========                                                    ] 13% 
Uploading: [========                                                    ] 13% 
Uploading: [========                                                    ] 13% 
Uploading: [========                                                    ] 13% 
Uploading: [========                                                    ] 13% 
Uploading: [========                                                    ] 13% 
Uploading: [========                                                    ] 14% 
Uploading: [========                                                    ] 14% 
Uploading: [=========                                                   ] 14% 
Uploading: [=========                                                   ] 14% 
Uploading: [=========                                                   ] 14% 
Uploading: [=========                                                   ] 14% 
Uploading: [=========                                                   ] 14% 
Uploading: [=========                                                   ] 14% 
Uploading: [=========                                                   ] 14% 
Uploading: [=========                                                   ] 14% 
Uploading: [=========                                                   ] 14% 
Uploading: [=========                                                   ] 14% 
Uploading: [=========                                                   ] 15% 
Uploading: [=========                                                   ] 15% 
Uploading: [=========                                                   ] 15% 
Uploading: [=========                                                   ] 15% 
Uploading: [=========                                                   ] 15% 
Uploading: [=========                                                   ] 15% 
Uploading: [=========                                                   ] 15% 
Uploading: [=========                                                   ] 15% 
Uploading: [=========                                                   ] 15% 
Uploading: [=========                                                   ] 15% 
Uploading: [==========                                                  ] 15% 
Uploading: [==========                                                  ] 15% 
Uploading: [==========                                                  ] 16% 
Uploading: [==========                                                  ] 16% 
Uploading: [==========                                                  ] 16% 
Uploading: [==========                                                  ] 16% 
Uploading: [==========                                                  ] 16% 
Uploading: [==========                                                  ] 16% 
Uploading: [==========                                                  ] 16% 
Uploading: [==========                                                  ] 16% 
Uploading: [==========                                                  ] 16% 
Uploading: [==========                                                  ] 16% 
Uploading: [==========                                                  ] 16% 
Uploading: [==========                                                  ] 16% 
Uploading: [==========                                                  ] 17% 
Uploading: [==========                                                  ] 17% 
Uploading: [==========                                                  ] 17% 
Uploading: [==========                                                  ] 17% 
Uploading: [==========                                                  ] 17% 
Uploading: [==========                                                  ] 17% 
Uploading: [===========                                                 ] 17% 
Uploading: [===========                                                 ] 17% 
Uploading: [===========                                                 ] 17% 
Uploading: [===========                                                 ] 17% 
Uploading: [===========                                                 ] 17% 
Uploading: [===========                                                 ] 17% 
Uploading: [===========                                                 ] 18% 
Uploading: [===========                                                 ] 18% 
Uploading: [===========                                                 ] 18% 
Uploading: [===========                                                 ] 18% 
Uploading: [===========                                                 ] 18% 
Uploading: [===========                                                 ] 18% 
Uploading: [===========                                                 ] 18% 
Uploading: [===========                                                 ] 18% 
Uploading: [===========                                                 ] 18% 
Uploading: [===========                                                 ] 18% 
Uploading: [===========                                                 ] 18% 
Uploading: [===========                                                 ] 19% 
Uploading: [===========                                                 ] 19% 
Uploading: [============                                                ] 19% 
Uploading: [============                                                ] 19% 
Uploading: [============                                                ] 19% 
Uploading: [============                                                ] 19% 
Uploading: [============                                                ] 19% 
Uploading: [============                                                ] 19% 
Uploading: [============                                                ] 19% 
Uploading: [============                                                ] 19% 
Uploading: [============                                                ] 19% 
Uploading: [============                                                ] 19% 
Uploading: [============                                                ] 20% 
Uploading: [============                                                ] 20% 
Uploading: [============                                                ] 20% 
Uploading: [============                                                ] 20% 
Uploading: [============                                                ] 20% 
Uploading: [============                                                ] 20% 
Uploading: [============                                                ] 20% 
Uploading: [============                                                ] 20% 
Uploading: [============                                                ] 20% 
Uploading: [============                                                ] 20% 
Uploading: [=============                                               ] 20% 
Uploading: [=============                                               ] 20% 
Uploading: [=============                                               ] 21% 
Uploading: [=============                                               ] 21% 
Uploading: [=============                                               ] 21% 
Uploading: [=============                                               ] 21% 
Uploading: [=============                                               ] 21% 
Uploading: [=============                                               ] 21% 
Uploading: [=============                                               ] 21% 
Uploading: [=============                                               ] 21% 
Uploading: [=============                                               ] 21% 
Uploading: [=============                                               ] 21% 
Uploading: [=============                                               ] 21% 
Uploading: [=============                                               ] 21% 
Uploading: [=============                                               ] 22% 
Uploading: [=============                                               ] 22% 
Uploading: [=============                                               ] 22% 
Uploading: [=============                                               ] 22% 
Uploading: [=============                                               ] 22% 
Uploading: [=============                                               ] 22% 
Uploading: [==============                                              ] 22% 
Uploading: [==============                                              ] 22% 
Uploading: [==============                                              ] 22% 
Uploading: [==============                                              ] 22% 
Uploading: [==============                                              ] 22% 
Uploading: [==============                                              ] 22% 
Uploading: [==============                                              ] 23% 
Uploading: [==============                                              ] 23% 
Uploading: [==============                                              ] 23% 
Uploading: [==============                                              ] 23% 
Uploading: [==============                                              ] 23% 
Uploading: [==============                                              ] 23% 
Uploading: [==============                                              ] 23% 
Uploading: [==============                                              ] 23% 
Uploading: [==============                                              ] 23% 
Uploading: [==============                                              ] 23% 
Uploading: [==============                                              ] 23% 
Uploading: [==============                                              ] 23% 
Uploading: [==============                                              ] 24% 
Uploading: [==============                                              ] 24% 
Uploading: [===============                                             ] 24% 
Uploading: [===============                                             ] 24% 
Uploading: [===============                                             ] 24% 
Uploading: [===============                                             ] 24% 
Uploading: [===============                                             ] 24% 
Uploading: [===============                                             ] 24% 
Uploading: [===============                                             ] 24% 
Uploading: [===============                                             ] 24% 
Uploading: [===============                                             ] 24% 
Uploading: [===============                                             ] 24% 
Uploading: [===============                                             ] 25% 
Uploading: [===============                                             ] 25% 
Uploading: [===============                                             ] 25% 
Uploading: [===============                                             ] 25% 
Uploading: [===============                                             ] 25% 
Uploading: [===============                                             ] 25% 
Uploading: [===============                                             ] 25% 
Uploading: [===============                                             ] 25% 
Uploading: [===============                                             ] 25% 
Uploading: [===============                                             ] 25% 
Uploading: [================                                            ] 25% 
Uploading: [================                                            ] 25% 
Uploading: [================                                            ] 26% 
Uploading: [================                                            ] 26% 
Uploading: [================                                            ] 26% 
Uploading: [================                                            ] 26% 
Uploading: [================                                            ] 26% 
Uploading: [================                                            ] 26% 
Uploading: [================                                            ] 26% 
Uploading: [================                                            ] 26% 
Uploading: [================                                            ] 26% 
Uploading: [================                                            ] 26% 
Uploading: [================                                            ] 26% 
Uploading: [================                                            ] 26% 
Uploading: [================                                            ] 27% 
Uploading: [================                                            ] 27% 
Uploading: [================                                            ] 27% 
Uploading: [================                                            ] 27% 
Uploading: [================                                            ] 27% 
Uploading: [================                                            ] 27% 
Uploading: [=================                                           ] 27% 
Uploading: [=================                                           ] 27% 
Uploading: [=================                                           ] 27% 
Uploading: [=================                                           ] 27% 
Uploading: [=================                                           ] 27% 
Uploading: [=================                                           ] 27% 
Uploading: [=================                                           ] 28% 
Uploading: [=================                                           ] 28% 
Uploading: [=================                                           ] 28% 
Uploading: [=================                                           ] 28% 
Uploading: [=================                                           ] 28% 
Uploading: [=================                                           ] 28% 
Uploading: [=================                                           ] 28% 
Uploading: [=================                                           ] 28% 
Uploading: [=================                                           ] 28% 
Uploading: [=================                                           ] 28% 
Uploading: [=================                                           ] 28% 
Uploading: [=================                                           ] 28% 
Uploading: [=================                                           ] 29% 
Uploading: [=================                                           ] 29% 
Uploading: [==================                                          ] 29% 
Uploading: [==================                                          ] 29% 
Uploading: [==================                                          ] 29% 
Uploading: [==================                                          ] 29% 
Uploading: [==================                                          ] 29% 
Uploading: [==================                                          ] 29% 
Uploading: [==================                                          ] 29% 
Uploading: [==================                                          ] 29% 
Uploading: [==================                                          ] 29% 
Uploading: [==================                                          ] 29% 
Uploading: [==================                                          ] 30% 
Uploading: [==================                                          ] 30% 
Uploading: [==================                                          ] 30% 
Uploading: [==================                                          ] 30% 
Uploading: [==================                                          ] 30% 
Uploading: [==================                                          ] 30% 
Uploading: [==================                                          ] 30% 
Uploading: [==================                                          ] 30% 
Uploading: [==================                                          ] 30% 
Uploading: [==================                                          ] 30% 
Uploading: [===================                                         ] 30% 
Uploading: [===================                                         ] 30% 
Uploading: [===================                                         ] 31% 
Uploading: [===================                                         ] 31% 
Uploading: [===================                                         ] 31% 
Uploading: [===================                                         ] 31% 
Uploading: [===================                                         ] 31% 
Uploading: [===================                                         ] 31% 
Uploading: [===================                                         ] 31% 
Uploading: [===================                                         ] 31% 
Uploading: [===================                                         ] 31% 
Uploading: [===================                                         ] 31% 
Uploading: [===================                                         ] 31% 
Uploading: [===================                                         ] 31% 
Uploading: [===================                                         ] 32% 
Uploading: [===================                                         ] 32% 
Uploading: [===================                                         ] 32% 
Uploading: [===================                                         ] 32% 
Uploading: [===================                                         ] 32% 
Uploading: [===================                                         ] 32% 
Uploading: [====================                                        ] 32% 
Uploading: [====================                                        ] 32% 
Uploading: [====================                                        ] 32% 
Uploading: [====================                                        ] 32% 
Uploading: [====================                                        ] 32% 
Uploading: [====================                                        ] 32% 
Uploading: [====================                                        ] 33% 
Uploading: [====================                                        ] 33% 
Uploading: [====================                                        ] 33% 
Uploading: [====================                                        ] 33% 
Uploading: [====================                                        ] 33% 
Uploading: [====================                                        ] 33% 
Uploading: [====================                                        ] 33% 
Uploading: [====================                                        ] 33% 
Uploading: [====================                                        ] 33% 
Uploading: [====================                                        ] 33% 
Uploading: [====================                                        ] 33% 
Uploading: [====================                                        ] 33% 
Uploading: [====================                                        ] 34% 
Uploading: [====================                                        ] 34% 
Uploading: [=====================                                       ] 34% 
Uploading: [=====================                                       ] 34% 
Uploading: [=====================                                       ] 34% 
Uploading: [=====================                                       ] 34% 
Uploading: [=====================                                       ] 34% 
Uploading: [=====================                                       ] 34% 
Uploading: [=====================                                       ] 34% 
Uploading: [=====================                                       ] 34% 
Uploading: [=====================                                       ] 34% 
Uploading: [=====================                                       ] 34% 
Uploading: [=====================                                       ] 35% 
Uploading: [=====================                                       ] 35% 
Uploading: [=====================                                       ] 35% 
Uploading: [=====================                                       ] 35% 
Uploading: [=====================                                       ] 35% 
Uploading: [=====================                                       ] 35% 
Uploading: [=====================                                       ] 35% 
Uploading: [=====================                                       ] 35% 
Uploading: [=====================                                       ] 35% 
Uploading: [=====================                                       ] 35% 
Uploading: [======================                                      ] 35% 
Uploading: [======================                                      ] 35% 
Uploading: [======================                                      ] 36% 
Uploading: [======================                                      ] 36% 
Uploading: [======================                                      ] 36% 
Uploading: [======================                                      ] 36% 
Uploading: [======================                                      ] 36% 
Uploading: [======================                                      ] 36% 
Uploading: [======================                                      ] 36% 
Uploading: [======================                                      ] 36% 
Uploading: [======================                                      ] 36% 
Uploading: [======================                                      ] 36% 
Uploading: [======================                                      ] 36% 
Uploading: [======================                                      ] 36% 
Uploading: [======================                                      ] 37% 
Uploading: [======================                                      ] 37% 
Uploading: [======================                                      ] 37% 
Uploading: [======================                                      ] 37% 
Uploading: [======================                                      ] 37% 
Uploading: [=======================                                     ] 37% 
Uploading: [=======================                                     ] 37% 
Uploading: [=======================                                     ] 37% 
Uploading: [=======================                                     ] 37% 
Uploading: [=======================                                     ] 37% 
Uploading: [=======================                                     ] 37% 
Uploading: [=======================                                     ] 38% 
Uploading: [=======================                                     ] 38% 
Uploading: [=======================                                     ] 38% 
Uploading: [=======================                                     ] 38% 
Uploading: [=======================                                     ] 38% 
Uploading: [=======================                                     ] 38% 
Uploading: [=======================                                     ] 38% 
Uploading: [=======================                                     ] 38% 
Uploading: [=======================                                     ] 38% 
Uploading: [=======================                                     ] 38% 
Uploading: [=======================                                     ] 38% 
Uploading: [=======================                                     ] 38% 
Uploading: [=======================                                     ] 39% 
Uploading: [=======================                                     ] 39% 
Uploading: [========================                                    ] 39% 
Uploading: [========================                                    ] 39% 
Uploading: [========================                                    ] 39% 
Uploading: [========================                                    ] 39% 
Uploading: [========================                                    ] 39% 
Uploading: [========================                                    ] 39% 
Uploading: [========================                                    ] 39% 
Uploading: [========================                                    ] 39% 
Uploading: [========================                                    ] 39% 
Uploading: [========================                                    ] 39% 
Uploading: [========================                                    ] 40% 
Uploading: [========================                                    ] 40% 
Uploading: [========================                                    ] 40% 
Uploading: [========================                                    ] 40% 
Uploading: [========================                                    ] 40% 
Uploading: [========================                                    ] 40% 
Uploading: [========================                                    ] 40% 
Uploading: [========================                                    ] 40% 
Uploading: [========================                                    ] 40% 
Uploading: [========================                                    ] 40% 
Uploading: [=========================                                   ] 40% 
Uploading: [=========================                                   ] 40% 
Uploading: [=========================                                   ] 41% 
Uploading: [=========================                                   ] 41% 
Uploading: [=========================                                   ] 41% 
Uploading: [=========================                                   ] 41% 
Uploading: [=========================                                   ] 41% 
Uploading: [=========================                                   ] 41% 
Uploading: [=========================                                   ] 41% 
Uploading: [=========================                                   ] 41% 
Uploading: [=========================                                   ] 41% 
Uploading: [=========================                                   ] 41% 
Uploading: [=========================                                   ] 41% 
Uploading: [=========================                                   ] 41% 
Uploading: [=========================                                   ] 42% 
Uploading: [=========================                                   ] 42% 
Uploading: [=========================                                   ] 42% 
Uploading: [=========================                                   ] 42% 
Uploading: [=========================                                   ] 42% 
Uploading: [=========================                                   ] 42% 
Uploading: [==========================                                  ] 42% 
Uploading: [==========================                                  ] 42% 
Uploading: [==========================                                  ] 42% 
Uploading: [==========================                                  ] 42% 
Uploading: [==========================                                  ] 42% 
Uploading: [==========================                                  ] 42% 
Uploading: [==========================                                  ] 43% 
Uploading: [==========================                                  ] 43% 
Uploading: [==========================                                  ] 43% 
Uploading: [==========================                                  ] 43% 
Uploading: [==========================                                  ] 43% 
Uploading: [==========================                                  ] 43% 
Uploading: [==========================                                  ] 43% 
Uploading: [==========================                                  ] 43% 
Uploading: [==========================                                  ] 43% 
Uploading: [==========================                                  ] 43% 
Uploading: [==========================                                  ] 43% 
Uploading: [==========================                                  ] 43% 
Uploading: [==========================                                  ] 44% 
Uploading: [==========================                                  ] 44% 
Uploading: [===========================                                 ] 44% 
Uploading: [===========================                                 ] 44% 
Uploading: [===========================                                 ] 44% 
Uploading: [===========================                                 ] 44% 
Uploading: [===========================                                 ] 44% 
Uploading: [===========================                                 ] 44% 
Uploading: [===========================                                 ] 44% 
Uploading: [===========================                                 ] 44% 
Uploading: [===========================                                 ] 44% 
Uploading: [===========================                                 ] 44% 
Uploading: [===========================                                 ] 45% 
Uploading: [===========================                                 ] 45% 
Uploading: [===========================                                 ] 45% 
Uploading: [===========================                                 ] 45% 
Uploading: [===========================                                 ] 45% 
Uploading: [===========================                                 ] 45% 
Uploading: [===========================                                 ] 45% 
Uploading: [===========================                                 ] 45% 
Uploading: [===========================                                 ] 45% 
Uploading: [===========================                                 ] 45% 
Uploading: [============================                                ] 45% 
Uploading: [============================                                ] 45% 
Uploading: [============================                                ] 46% 
Uploading: [============================                                ] 46% 
Uploading: [============================                                ] 46% 
Uploading: [============================                                ] 46% 
Uploading: [============================                                ] 46% 
Uploading: [============================                                ] 46% 
Uploading: [============================                                ] 46% 
Uploading: [============================                                ] 46% 
Uploading: [============================                                ] 46% 
Uploading: [============================                                ] 46% 
Uploading: [============================                                ] 46% 
Uploading: [============================                                ] 46% 
Uploading: [============================                                ] 47% 
Uploading: [============================                                ] 47% 
Uploading: [============================                                ] 47% 
Uploading: [============================                                ] 47% 
Uploading: [============================                                ] 47% 
Uploading: [============================                                ] 47% 
Uploading: [=============================                               ] 47% 
Uploading: [=============================                               ] 47% 
Uploading: [=============================                               ] 47% 
Uploading: [=============================                               ] 47% 
Uploading: [=============================                               ] 47% 
Uploading: [=============================                               ] 47% 
Uploading: [=============================                               ] 48% 
Uploading: [=============================                               ] 48% 
Uploading: [=============================                               ] 48% 
Uploading: [=============================                               ] 48% 
Uploading: [=============================                               ] 48% 
Uploading: [=============================                               ] 48% 
Uploading: [=============================                               ] 48% 
Uploading: [=============================                               ] 48% 
Uploading: [=============================                               ] 48% 
Uploading: [=============================                               ] 48% 
Uploading: [=============================                               ] 48% 
Uploading: [=============================                               ] 48% 
Uploading: [=============================                               ] 49% 
Uploading: [=============================                               ] 49% 
Uploading: [==============================                              ] 49% 
Uploading: [==============================                              ] 49% 
Uploading: [==============================                              ] 49% 
Uploading: [==============================                              ] 49% 
Uploading: [==============================                              ] 49% 
Uploading: [==============================                              ] 49% 
Uploading: [==============================                              ] 49% 
Uploading: [==============================                              ] 49% 
Uploading: [==============================                              ] 49% 
Uploading: [==============================                              ] 49% 
Uploading: [==============================                              ] 50% 
Uploading: [==============================                              ] 50% 
Uploading: [==============================                              ] 50% 
Uploading: [==============================                              ] 50% 
Uploading: [==============================                              ] 50% 
Uploading: [==============================                              ] 50% 
Uploading: [==============================                              ] 50% 
Uploading: [==============================                              ] 50% 
Uploading: [==============================                              ] 50% 
Uploading: [==============================                              ] 50% 
Uploading: [===============================                             ] 50% 
Uploading: [===============================                             ] 50% 
Uploading: [===============================                             ] 51% 
Uploading: [===============================                             ] 51% 
Uploading: [===============================                             ] 51% 
Uploading: [===============================                             ] 51% 
Uploading: [===============================                             ] 51% 
Uploading: [===============================                             ] 51% 
Uploading: [===============================                             ] 51% 
Uploading: [===============================                             ] 51% 
Uploading: [===============================                             ] 51% 
Uploading: [===============================                             ] 51% 
Uploading: [===============================                             ] 51% 
Uploading: [===============================                             ] 51% 
Uploading: [===============================                             ] 52% 
Uploading: [===============================                             ] 52% 
Uploading: [===============================                             ] 52% 
Uploading: [===============================                             ] 52% 
Uploading: [===============================                             ] 52% 
Uploading: [===============================                             ] 52% 
Uploading: [================================                            ] 52% 
Uploading: [================================                            ] 52% 
Uploading: [================================                            ] 52% 
Uploading: [================================                            ] 52% 
Uploading: [================================                            ] 52% 
Uploading: [================================                            ] 52% 
Uploading: [================================                            ] 53% 
Uploading: [================================                            ] 53% 
Uploading: [================================                            ] 53% 
Uploading: [================================                            ] 53% 
Uploading: [================================                            ] 53% 
Uploading: [================================                            ] 53% 
Uploading: [================================                            ] 53% 
Uploading: [================================                            ] 53% 
Uploading: [================================                            ] 53% 
Uploading: [================================                            ] 53% 
Uploading: [================================                            ] 53% 
Uploading: [================================                            ] 53% 
Uploading: [================================                            ] 54% 
Uploading: [================================                            ] 54% 
Uploading: [=================================                           ] 54% 
Uploading: [=================================                           ] 54% 
Uploading: [=================================                           ] 54% 
Uploading: [=================================                           ] 54% 
Uploading: [=================================                           ] 54% 
Uploading: [=================================                           ] 54% 
Uploading: [=================================                           ] 54% 
Uploading: [=================================                           ] 54% 
Uploading: [=================================                           ] 54% 
Uploading: [=================================                           ] 54% 
Uploading: [=================================                           ] 55% 
Uploading: [=================================                           ] 55% 
Uploading: [=================================                           ] 55% 
Uploading: [=================================                           ] 55% 
Uploading: [=================================                           ] 55% 
Uploading: [=================================                           ] 55% 
Uploading: [=================================                           ] 55% 
Uploading: [=================================                           ] 55% 
Uploading: [=================================                           ] 55% 
Uploading: [=================================                           ] 55% 
Uploading: [==================================                          ] 55% 
Uploading: [==================================                          ] 55% 
Uploading: [==================================                          ] 56% 
Uploading: [==================================                          ] 56% 
Uploading: [==================================                          ] 56% 
Uploading: [==================================                          ] 56% 
Uploading: [==================================                          ] 56% 
Uploading: [==================================                          ] 56% 
Uploading: [==================================                          ] 56% 
Uploading: [==================================                          ] 56% 
Uploading: [==================================                          ] 56% 
Uploading: [==================================                          ] 56% 
Uploading: [==================================                          ] 56% 
Uploading: [==================================                          ] 57% 
Uploading: [==================================                          ] 57% 
Uploading: [==================================                          ] 57% 
Uploading: [==================================                          ] 57% 
Uploading: [==================================                          ] 57% 
Uploading: [==================================                          ] 57% 
Uploading: [===================================                         ] 57% 
Uploading: [===================================                         ] 57% 
Uploading: [===================================                         ] 57% 
Uploading: [===================================                         ] 57% 
Uploading: [===================================                         ] 57% 
Uploading: [===================================                         ] 57% 
Uploading: [===================================                         ] 58% 
Uploading: [===================================                         ] 58% 
Uploading: [===================================                         ] 58% 
Uploading: [===================================                         ] 58% 
Uploading: [===================================                         ] 58% 
Uploading: [===================================                         ] 58% 
Uploading: [===================================                         ] 58% 
Uploading: [===================================                         ] 58% 
Uploading: [===================================                         ] 58% 
Uploading: [===================================                         ] 58% 
Uploading: [===================================                         ] 58% 
Uploading: [===================================                         ] 58% 
Uploading: [===================================                         ] 59% 
Uploading: [===================================                         ] 59% 
Uploading: [====================================                        ] 59% 
Uploading: [====================================                        ] 59% 
Uploading: [====================================                        ] 59% 
Uploading: [====================================                        ] 59% 
Uploading: [====================================                        ] 59% 
Uploading: [====================================                        ] 59% 
Uploading: [====================================                        ] 59% 
Uploading: [====================================                        ] 59% 
Uploading: [====================================                        ] 59% 
Uploading: [====================================                        ] 59% 
Uploading: [====================================                        ] 60% 
Uploading: [====================================                        ] 60% 
Uploading: [====================================                        ] 60% 
Uploading: [====================================                        ] 60% 
Uploading: [====================================                        ] 60% 
Uploading: [====================================                        ] 60% 
Uploading: [====================================                        ] 60% 
Uploading: [====================================                        ] 60% 
Uploading: [====================================                        ] 60% 
Uploading: [====================================                        ] 60% 
Uploading: [=====================================                       ] 60% 
Uploading: [=====================================                       ] 60% 
Uploading: [=====================================                       ] 61% 
Uploading: [=====================================                       ] 61% 
Uploading: [=====================================                       ] 61% 
Uploading: [=====================================                       ] 61% 
Uploading: [=====================================                       ] 61% 
Uploading: [=====================================                       ] 61% 
Uploading: [=====================================                       ] 61% 
Uploading: [=====================================                       ] 61% 
Uploading: [=====================================                       ] 61% 
Uploading: [=====================================                       ] 61% 
Uploading: [=====================================                       ] 61% 
Uploading: [=====================================                       ] 61% 
Uploading: [=====================================                       ] 62% 
Uploading: [=====================================                       ] 62% 
Uploading: [=====================================                       ] 62% 
Uploading: [=====================================                       ] 62% 
Uploading: [=====================================                       ] 62% 
Uploading: [=====================================                       ] 62% 
Uploading: [======================================                      ] 62% 
Uploading: [======================================                      ] 62% 
Uploading: [======================================                      ] 62% 
Uploading: [======================================                      ] 62% 
Uploading: [======================================                      ] 62% 
Uploading: [======================================                      ] 62% 
Uploading: [======================================                      ] 63% 
Uploading: [======================================                      ] 63% 
Uploading: [======================================                      ] 63% 
Uploading: [======================================                      ] 63% 
Uploading: [======================================                      ] 63% 
Uploading: [======================================                      ] 63% 
Uploading: [======================================                      ] 63% 
Uploading: [======================================                      ] 63% 
Uploading: [======================================                      ] 63% 
Uploading: [======================================                      ] 63% 
Uploading: [======================================                      ] 63% 
Uploading: [======================================                      ] 63% 
Uploading: [======================================                      ] 64% 
Uploading: [======================================                      ] 64% 
Uploading: [=======================================                     ] 64% 
Uploading: [=======================================                     ] 64% 
Uploading: [=======================================                     ] 64% 
Uploading: [=======================================                     ] 64% 
Uploading: [=======================================                     ] 64% 
Uploading: [=======================================                     ] 64% 
Uploading: [=======================================                     ] 64% 
Uploading: [=======================================                     ] 64% 
Uploading: [=======================================                     ] 64% 
Uploading: [=======================================                     ] 64% 
Uploading: [=======================================                     ] 65% 
Uploading: [=======================================                     ] 65% 
Uploading: [=======================================                     ] 65% 
Uploading: [=======================================                     ] 65% 
Uploading: [=======================================                     ] 65% 
Uploading: [=======================================                     ] 65% 
Uploading: [=======================================                     ] 65% 
Uploading: [=======================================                     ] 65% 
Uploading: [=======================================                     ] 65% 
Uploading: [=======================================                     ] 65% 
Uploading: [========================================                    ] 65% 
Uploading: [========================================                    ] 65% 
Uploading: [========================================                    ] 66% 
Uploading: [========================================                    ] 66% 
Uploading: [========================================                    ] 66% 
Uploading: [========================================                    ] 66% 
Uploading: [========================================                    ] 66% 
Uploading: [========================================                    ] 66% 
Uploading: [========================================                    ] 66% 
Uploading: [========================================                    ] 66% 
Uploading: [========================================                    ] 66% 
Uploading: [========================================                    ] 66% 
Uploading: [========================================                    ] 66% 
Uploading: [========================================                    ] 66% 
Uploading: [========================================                    ] 67% 
Uploading: [========================================                    ] 67% 
Uploading: [========================================                    ] 67% 
Uploading: [========================================                    ] 67% 
Uploading: [========================================                    ] 67% 
Uploading: [========================================                    ] 67% 
Uploading: [=========================================                   ] 67% 
Uploading: [=========================================                   ] 67% 
Uploading: [=========================================                   ] 67% 
Uploading: [=========================================                   ] 67% 
Uploading: [=========================================                   ] 67% 
Uploading: [=========================================                   ] 67% 
Uploading: [=========================================                   ] 68% 
Uploading: [=========================================                   ] 68% 
Uploading: [=========================================                   ] 68% 
Uploading: [=========================================                   ] 68% 
Uploading: [=========================================                   ] 68% 
Uploading: [=========================================                   ] 68% 
Uploading: [=========================================                   ] 68% 
Uploading: [=========================================                   ] 68% 
Uploading: [=========================================                   ] 68% 
Uploading: [=========================================                   ] 68% 
Uploading: [=========================================                   ] 68% 
Uploading: [=========================================                   ] 68% 
Uploading: [=========================================                   ] 69% 
Uploading: [=========================================                   ] 69% 
Uploading: [==========================================                  ] 69% 
Uploading: [==========================================                  ] 69% 
Uploading: [==========================================                  ] 69% 
Uploading: [==========================================                  ] 69% 
Uploading: [==========================================                  ] 69% 
Uploading: [==========================================                  ] 69% 
Uploading: [==========================================                  ] 69% 
Uploading: [==========================================                  ] 69% 
Uploading: [==========================================                  ] 69% 
Uploading: [==========================================                  ] 69% 
Uploading: [==========================================                  ] 70% 
Uploading: [==========================================                  ] 70% 
Uploading: [==========================================                  ] 70% 
Uploading: [==========================================                  ] 70% 
Uploading: [==========================================                  ] 70% 
Uploading: [==========================================                  ] 70% 
Uploading: [==========================================                  ] 70% 
Uploading: [==========================================                  ] 70% 
Uploading: [==========================================                  ] 70% 
Uploading: [==========================================                  ] 70% 
Uploading: [===========================================                 ] 70% 
Uploading: [===========================================                 ] 70% 
Uploading: [===========================================                 ] 71% 
Uploading: [===========================================                 ] 71% 
Uploading: [===========================================                 ] 71% 
Uploading: [===========================================                 ] 71% 
Uploading: [===========================================                 ] 71% 
Uploading: [===========================================                 ] 71% 
Uploading: [===========================================                 ] 71% 
Uploading: [===========================================                 ] 71% 
Uploading: [===========================================                 ] 71% 
Uploading: [===========================================                 ] 71% 
Uploading: [===========================================                 ] 71% 
Uploading: [===========================================                 ] 71% 
Uploading: [===========================================                 ] 72% 
Uploading: [===========================================                 ] 72% 
Uploading: [===========================================                 ] 72% 
Uploading: [===========================================                 ] 72% 
Uploading: [===========================================                 ] 72% 
Uploading: [===========================================                 ] 72% 
Uploading: [============================================                ] 72% 
Uploading: [============================================                ] 72% 
Uploading: [============================================                ] 72% 
Uploading: [============================================                ] 72% 
Uploading: [============================================                ] 72% 
Uploading: [============================================                ] 72% 
Uploading: [============================================                ] 73% 
Uploading: [============================================                ] 73% 
Uploading: [============================================                ] 73% 
Uploading: [============================================                ] 73% 
Uploading: [============================================                ] 73% 
Uploading: [============================================                ] 73% 
Uploading: [============================================                ] 73% 
Uploading: [============================================                ] 73% 
Uploading: [============================================                ] 73% 
Uploading: [============================================                ] 73% 
Uploading: [============================================                ] 73% 
Uploading: [============================================                ] 73% 
Uploading: [============================================                ] 74% 
Uploading: [============================================                ] 74% 
Uploading: [=============================================               ] 74% 
Uploading: [=============================================               ] 74% 
Uploading: [=============================================               ] 74% 
Uploading: [=============================================               ] 74% 
Uploading: [=============================================               ] 74% 
Uploading: [=============================================               ] 74% 
Uploading: [=============================================               ] 74% 
Uploading: [=============================================               ] 74% 
Uploading: [=============================================               ] 74% 
Uploading: [=============================================               ] 75% 
Uploading: [=============================================               ] 75% 
Uploading: [=============================================               ] 75% 
Uploading: [=============================================               ] 75% 
Uploading: [=============================================               ] 75% 
Uploading: [=============================================               ] 75% 
Uploading: [=============================================               ] 75% 
Uploading: [=============================================               ] 75% 
Uploading: [=============================================               ] 75% 
Uploading: [=============================================               ] 75% 
Uploading: [==============================================              ] 75% 
Uploading: [==============================================              ] 75% 
Uploading: [==============================================              ] 76% 
Uploading: [==============================================              ] 76% 
Uploading: [==============================================              ] 76% 
Uploading: [==============================================              ] 76% 
Uploading: [==============================================              ] 76% 
Uploading: [==============================================              ] 76% 
Uploading: [==============================================              ] 76% 
Uploading: [==============================================              ] 76% 
Uploading: [==============================================              ] 76% 
Uploading: [==============================================              ] 76% 
Uploading: [==============================================              ] 76% 
Uploading: [==============================================              ] 76% 
Uploading: [==============================================              ] 77% 
Uploading: [==============================================              ] 77% 
Uploading: [==============================================              ] 77% 
Uploading: [==============================================              ] 77% 
Uploading: [==============================================              ] 77% 
Uploading: [==============================================              ] 77% 
Uploading: [===============================================             ] 77% 
Uploading: [===============================================             ] 77% 
Uploading: [===============================================             ] 77% 
Uploading: [===============================================             ] 77% 
Uploading: [===============================================             ] 77% 
Uploading: [===============================================             ] 77% 
Uploading: [===============================================             ] 78% 
Uploading: [===============================================             ] 78% 
Uploading: [===============================================             ] 78% 
Uploading: [===============================================             ] 78% 
Uploading: [===============================================             ] 78% 
Uploading: [===============================================             ] 78% 
Uploading: [===============================================             ] 78% 
Uploading: [===============================================             ] 78% 
Uploading: [===============================================             ] 78% 
Uploading: [===============================================             ] 78% 
Uploading: [===============================================             ] 78% 
Uploading: [===============================================             ] 78% 
Uploading: [===============================================             ] 79% 
Uploading: [===============================================             ] 79% 
Uploading: [================================================            ] 79% 
Uploading: [================================================            ] 79% 
Uploading: [================================================            ] 79% 
Uploading: [================================================            ] 79% 
Uploading: [================================================            ] 79% 
Uploading: [================================================            ] 79% 
Uploading: [================================================            ] 79% 
Uploading: [================================================            ] 79% 
Uploading: [================================================            ] 79% 
Uploading: [================================================            ] 79% 
Uploading: [================================================            ] 80% 
Uploading: [================================================            ] 80% 
Uploading: [================================================            ] 80% 
Uploading: [================================================            ] 80% 
Uploading: [================================================            ] 80% 
Uploading: [================================================            ] 80% 
Uploading: [================================================            ] 80% 
Uploading: [================================================            ] 80% 
Uploading: [================================================            ] 80% 
Uploading: [================================================            ] 80% 
Uploading: [=================================================           ] 80% 
Uploading: [=================================================           ] 80% 
Uploading: [=================================================           ] 81% 
Uploading: [=================================================           ] 81% 
Uploading: [=================================================           ] 81% 
Uploading: [=================================================           ] 81% 
Uploading: [=================================================           ] 81% 
Uploading: [=================================================           ] 81% 
Uploading: [=================================================           ] 81% 
Uploading: [=================================================           ] 81% 
Uploading: [=================================================           ] 81% 
Uploading: [=================================================           ] 81% 
Uploading: [=================================================           ] 81% 
Uploading: [=================================================           ] 81% 
Uploading: [=================================================           ] 82% 
Uploading: [=================================================           ] 82% 
Uploading: [=================================================           ] 82% 
Uploading: [=================================================           ] 82% 
Uploading: [=================================================           ] 82% 
Uploading: [=================================================           ] 82% 
Uploading: [==================================================          ] 82% 
Uploading: [==================================================          ] 82% 
Uploading: [==================================================          ] 82% 
Uploading: [==================================================          ] 82% 
Uploading: [==================================================          ] 82% 
Uploading: [==================================================          ] 82% 
Uploading: [==================================================          ] 83% 
Uploading: [==================================================          ] 83% 
Uploading: [==================================================          ] 83% 
Uploading: [==================================================          ] 83% 
Uploading: [==================================================          ] 83% 
Uploading: [==================================================          ] 83% 
Uploading: [==================================================          ] 83% 
Uploading: [==================================================          ] 83% 
Uploading: [==================================================          ] 83% 
Uploading: [==================================================          ] 83% 
Uploading: [==================================================          ] 83% 
Uploading: [==================================================          ] 83% 
Uploading: [==================================================          ] 84% 
Uploading: [==================================================          ] 84% 
Uploading: [===================================================         ] 84% 
Uploading: [===================================================         ] 84% 
Uploading: [===================================================         ] 84% 
Uploading: [===================================================         ] 84% 
Uploading: [===================================================         ] 84% 
Uploading: [===================================================         ] 84% 
Uploading: [===================================================         ] 84% 
Uploading: [===================================================         ] 84% 
Uploading: [===================================================         ] 84% 
Uploading: [===================================================         ] 84% 
Uploading: [===================================================         ] 85% 
Uploading: [===================================================         ] 85% 
Uploading: [===================================================         ] 85% 
Uploading: [===================================================         ] 85% 
Uploading: [===================================================         ] 85% 
Uploading: [===================================================         ] 85% 
Uploading: [===================================================         ] 85% 
Uploading: [===================================================         ] 85% 
Uploading: [===================================================         ] 85% 
Uploading: [===================================================         ] 85% 
Uploading: [====================================================        ] 85% 
Uploading: [====================================================        ] 85% 
Uploading: [====================================================        ] 86% 
Uploading: [====================================================        ] 86% 
Uploading: [====================================================        ] 86% 
Uploading: [====================================================        ] 86% 
Uploading: [====================================================        ] 86% 
Uploading: [====================================================        ] 86% 
Uploading: [====================================================        ] 86% 
Uploading: [====================================================        ] 86% 
Uploading: [====================================================        ] 86% 
Uploading: [====================================================        ] 86% 
Uploading: [====================================================        ] 86% 
Uploading: [====================================================        ] 86% 
Uploading: [====================================================        ] 87% 
Uploading: [====================================================        ] 87% 
Uploading: [====================================================        ] 87% 
Uploading: [====================================================        ] 87% 
Uploading: [====================================================        ] 87% 
Uploading: [====================================================        ] 87% 
Uploading: [=====================================================       ] 87% 
Uploading: [=====================================================       ] 87% 
Uploading: [=====================================================       ] 87% 
Uploading: [=====================================================       ] 87% 
Uploading: [=====================================================       ] 87% 
Uploading: [=====================================================       ] 87% 
Uploading: [=====================================================       ] 88% 
Uploading: [=====================================================       ] 88% 
Uploading: [=====================================================       ] 88% 
Uploading: [=====================================================       ] 88% 
Uploading: [=====================================================       ] 88% 
Uploading: [=====================================================       ] 88% 
Uploading: [=====================================================       ] 88% 
Uploading: [=====================================================       ] 88% 
Uploading: [=====================================================       ] 88% 
Uploading: [=====================================================       ] 88% 
Uploading: [=====================================================       ] 88% 
Uploading: [=====================================================       ] 88% 
Uploading: [=====================================================       ] 89% 
Uploading: [=====================================================       ] 89% 
Uploading: [======================================================      ] 89% 
Uploading: [======================================================      ] 89% 
Uploading: [======================================================      ] 89% 
Uploading: [======================================================      ] 89% 
Uploading: [======================================================      ] 89% 
Uploading: [======================================================      ] 89% 
Uploading: [======================================================      ] 89% 
Uploading: [======================================================      ] 89% 
Uploading: [======================================================      ] 89% 
Uploading: [======================================================      ] 89% 
Uploading: [======================================================      ] 90% 
Uploading: [======================================================      ] 90% 
Uploading: [======================================================      ] 90% 
Uploading: [======================================================      ] 90% 
Uploading: [======================================================      ] 90% 
Uploading: [======================================================      ] 90% 
Uploading: [======================================================      ] 90% 
Uploading: [======================================================      ] 90% 
Uploading: [======================================================      ] 90% 
Uploading: [======================================================      ] 90% 
Uploading: [=======================================================     ] 90% 
Uploading: [=======================================================     ] 90% 
Uploading: [=======================================================     ] 91% 
Uploading: [=======================================================     ] 91% 
Uploading: [=======================================================     ] 91% 
Uploading: [=======================================================     ] 91% 
Uploading: [=======================================================     ] 91% 
Uploading: [=======================================================     ] 91% 
Uploading: [=======================================================     ] 91% 
Uploading: [=======================================================     ] 91% 
Uploading: [=======================================================     ] 91% 
Uploading: [=======================================================     ] 91% 
Uploading: [=======================================================     ] 91% 
Uploading: [=======================================================     ] 91% 
Uploading: [=======================================================     ] 92% 
Uploading: [=======================================================     ] 92% 
Uploading: [=======================================================     ] 92% 
Uploading: [=======================================================     ] 92% 
Uploading: [=======================================================     ] 92% 
Uploading: [=======================================================     ] 92% 
Uploading: [========================================================    ] 92% 
Uploading: [========================================================    ] 92% 
Uploading: [========================================================    ] 92% 
Uploading: [========================================================    ] 92% 
Uploading: [========================================================    ] 92% 
Uploading: [========================================================    ] 92% 
Uploading: [========================================================    ] 93% 
Uploading: [========================================================    ] 93% 
Uploading: [========================================================    ] 93% 
Uploading: [========================================================    ] 93% 
Uploading: [========================================================    ] 93% 
Uploading: [========================================================    ] 93% 
Uploading: [========================================================    ] 93% 
Uploading: [========================================================    ] 93% 
Uploading: [========================================================    ] 93% 
Uploading: [========================================================    ] 93% 
Uploading: [========================================================    ] 93% 
Uploading: [========================================================    ] 94% 
Uploading: [========================================================    ] 94% 
Uploading: [=========================================================   ] 94% 
Uploading: [=========================================================   ] 94% 
Uploading: [=========================================================   ] 94% 
Uploading: [=========================================================   ] 94% 
Uploading: [=========================================================   ] 94% 
Uploading: [=========================================================   ] 94% 
Uploading: [=========================================================   ] 94% 
Uploading: [=========================================================   ] 94% 
Uploading: [=========================================================   ] 94% 
Uploading: [=========================================================   ] 94% 
Uploading: [=========================================================   ] 95% 
Uploading: [=========================================================   ] 95% 
Uploading: [=========================================================   ] 95% 
Uploading: [=========================================================   ] 95% 
Uploading: [=========================================================   ] 95% 
Uploading: [=========================================================   ] 95% 
Uploading: [=========================================================   ] 95% 
Uploading: [=========================================================   ] 95% 
Uploading: [=========================================================   ] 95% 
Uploading: [=========================================================   ] 95% 
Uploading: [==========================================================  ] 95% 
Uploading: [==========================================================  ] 95% 
Uploading: [==========================================================  ] 96% 
Uploading: [==========================================================  ] 96% 
Uploading: [==========================================================  ] 96% 
Uploading: [==========================================================  ] 96% 
Uploading: [==========================================================  ] 96% 
Uploading: [==========================================================  ] 96% 
Uploading: [==========================================================  ] 96% 
Uploading: [==========================================================  ] 96% 
Uploading: [==========================================================  ] 96% 
Uploading: [==========================================================  ] 96% 
Uploading: [==========================================================  ] 96% 
Uploading: [==========================================================  ] 96% 
Uploading: [==========================================================  ] 97% 
Uploading: [==========================================================  ] 97% 
Uploading: [==========================================================  ] 97% 
Uploading: [==========================================================  ] 97% 
Uploading: [==========================================================  ] 97% 
Uploading: [==========================================================  ] 97% 
Uploading: [=========================================================== ] 97% 
Uploading: [=========================================================== ] 97% 
Uploading: [=========================================================== ] 97% 
Uploading: [=========================================================== ] 97% 
Uploading: [=========================================================== ] 97% 
Uploading: [=========================================================== ] 97% 
Uploading: [=========================================================== ] 98% 
Uploading: [=========================================================== ] 98% 
Uploading: [=========================================================== ] 98% 
Uploading: [=========================================================== ] 98% 
Uploading: [=========================================================== ] 98% 
Uploading: [=========================================================== ] 98% 
Uploading: [=========================================================== ] 98% 
Uploading: [=========================================================== ] 98% 
Uploading: [=========================================================== ] 98% 
Uploading: [=========================================================== ] 98% 
Uploading: [=========================================================== ] 98% 
Uploading: [=========================================================== ] 98% 
Uploading: [=========================================================== ] 99% 
Uploading: [=========================================================== ] 99% 
Uploading: [============================================================] 99% 
Uploading: [============================================================] 99% 
Uploading: [============================================================] 99% 
Uploading: [============================================================] 99% 
Uploading: [============================================================] 99% 
Uploading: [============================================================] 99% 
Uploading: [============================================================] 99% 
Uploading: [============================================================] 99% 
Uploading: [============================================================] 99% 
Uploading: [============================================================] 99% 
Uploading: [============================================================] 100% Done...


18:57:09 [INFO]: Waiting for result...
18:57:09 [INFO]: Result: OK
18:57:09 [INFO]: Success
========================= [SUCCESS] Took 44.06 seconds =========================
